<?xml version="1.0" encoding="UTF-8" ?>
<testsuites disabled="0" errors="0" failures="0" tests="3" time="28177">
 <testsuite name="To add attendance." timestamp="2019-09-09T11:48:25" hostname="localhost" time="9.512" errors="0" tests="1" skipped="0" disabled="0" failures="0">
  <testcase classname="To add attendance." name="To Add attendance in Innovify ParkStreet." time="9.128" />
 </testsuite>
 <testsuite name="To add attendance." timestamp="2019-09-09T11:48:34" hostname="localhost" time="9.531" errors="0" tests="1" skipped="0" disabled="0" failures="0">
  <testcase classname="To add attendance." name="To Add attendance in Innovify ParkStreet." time="9.45" />
 </testsuite>
 <testsuite name="To add attendance." timestamp="2019-09-09T11:48:44" hostname="localhost" time="9.134" errors="0" tests="1" skipped="0" disabled="0" failures="0">
  <testcase classname="To add attendance." name="To Add attendance in Innovify ParkStreet." time="9.04" />
 </testsuite>
</testsuites>